1 0 0 Observe |isOddEven
2 1 0 Enter
3 1 0 Fun
4 3 1 Enter
5 3 1 Cons 2 |,
6 5 0 Enter
7 0 0 Observe |isOdd
8 7 0 Enter
9 7 0 Fun
10 9 1 Enter
11 9 0 Enter
12 3 0 Enter
13 3 0 Cons 0 |5
14 9 0 Cons 0 |5
15 0 0 Observe |isEven
16 15 0 Enter
17 15 0 Fun
18 17 1 Enter
19 17 0 Enter
20 0 0 Observe |minusOne
21 20 0 Enter
22 20 0 Fun
23 22 1 Enter
24 22 1 Fun
25 24 1 Enter
26 22 0 Enter
27 22 0 Cons 0 |5
28 24 0 Enter
29 0 0 Observe |one
30 29 0 Enter
31 29 0 Cons 0 |1
32 24 0 Cons 0 |1
33 24 1 Cons 0 |4
34 17 0 Cons 0 |4
35 7 0 Fun
36 35 1 Enter
37 35 0 Enter
38 20 0 Fun
39 38 1 Enter
40 38 1 Fun
41 40 1 Enter
42 38 0 Enter
43 38 0 Cons 0 |4
44 40 0 Enter
45 40 0 Cons 0 |1
46 40 1 Cons 0 |3
47 35 0 Cons 0 |3
48 15 0 Fun
49 48 1 Enter
50 48 0 Enter
51 20 0 Fun
52 51 1 Enter
53 51 1 Fun
54 53 1 Enter
55 51 0 Enter
56 51 0 Cons 0 |3
57 53 0 Enter
58 53 0 Cons 0 |1
59 53 1 Cons 0 |2
60 48 0 Cons 0 |2
61 7 0 Fun
62 61 1 Enter
63 61 0 Enter
64 20 0 Fun
65 64 1 Enter
66 64 1 Fun
67 66 1 Enter
68 64 0 Enter
69 64 0 Cons 0 |2
70 66 0 Enter
71 66 0 Cons 0 |1
72 66 1 Cons 0 |1
73 61 0 Cons 0 |1
74 61 1 Cons 0 |True
75 48 1 Cons 0 |True
76 35 1 Cons 0 |True
77 17 1 Cons 0 |True
78 9 1 Cons 0 |True
79 5 0 Cons 0 |True
80 5 1 Enter
81 15 0 Fun
82 81 1 Enter
83 81 0 Enter
84 81 0 Cons 0 |5
85 7 0 Fun
86 85 1 Enter
87 85 0 Enter
88 20 0 Fun
89 88 1 Enter
90 88 1 Fun
91 90 1 Enter
92 88 0 Enter
93 88 0 Cons 0 |5
94 90 0 Enter
95 90 0 Cons 0 |1
96 90 1 Cons 0 |4
97 85 0 Cons 0 |4
98 15 0 Fun
99 98 1 Enter
100 98 0 Enter
101 20 0 Fun
102 101 1 Enter
103 101 1 Fun
104 103 1 Enter
105 101 0 Enter
106 101 0 Cons 0 |4
107 103 0 Enter
108 103 0 Cons 0 |1
109 103 1 Cons 0 |3
110 98 0 Cons 0 |3
111 7 0 Fun
112 111 1 Enter
113 111 0 Enter
114 20 0 Fun
115 114 1 Enter
116 114 1 Fun
117 116 1 Enter
118 114 0 Enter
119 114 0 Cons 0 |3
120 116 0 Enter
121 116 0 Cons 0 |1
122 116 1 Cons 0 |2
123 111 0 Cons 0 |2
124 15 0 Fun
125 124 1 Enter
126 124 0 Enter
127 20 0 Fun
128 127 1 Enter
129 127 1 Fun
130 129 1 Enter
131 127 0 Enter
132 127 0 Cons 0 |2
133 129 0 Enter
134 129 0 Cons 0 |1
135 129 1 Cons 0 |1
136 124 0 Cons 0 |1
137 124 1 Cons 0 |False
138 111 1 Cons 0 |False
139 98 1 Cons 0 |False
140 85 1 Cons 0 |False
141 81 1 Cons 0 |False
142 5 1 Cons 0 |False
